\BOOKMARK [0][-]{chapter.1}{\376\377\0001\000\040\000N\000a\000m\000e\000s\000p\000a\000c\000e\000\040\000I\000n\000d\000e\000x}{}% 1
\BOOKMARK [1][-]{section.1.1}{\376\377\0001\000.\0001\000\040\000N\000a\000m\000e\000s\000p\000a\000c\000e\000\040\000L\000i\000s\000t}{chapter.1}% 2
\BOOKMARK [0][-]{chapter.2}{\376\377\0002\000\040\000F\000i\000l\000e\000\040\000I\000n\000d\000e\000x}{}% 3
\BOOKMARK [1][-]{section.2.1}{\376\377\0002\000.\0001\000\040\000F\000i\000l\000e\000\040\000L\000i\000s\000t}{chapter.2}% 4
\BOOKMARK [0][-]{chapter.3}{\376\377\0003\000\040\000N\000a\000m\000e\000s\000p\000a\000c\000e\000\040\000D\000o\000c\000u\000m\000e\000n\000t\000a\000t\000i\000o\000n}{}% 5
\BOOKMARK [1][-]{section.3.1}{\376\377\0003\000.\0001\000\040\000A\000l\000g\000e\000b\000r\000a\000\040\000N\000a\000m\000e\000s\000p\000a\000c\000e\000\040\000R\000e\000f\000e\000r\000e\000n\000c\000e}{chapter.3}% 6
\BOOKMARK [2][-]{subsection.3.1.1}{\376\377\0003\000.\0001\000.\0001\000\040\000D\000e\000t\000a\000i\000l\000e\000d\000\040\000D\000e\000s\000c\000r\000i\000p\000t\000i\000o\000n}{section.3.1}% 7
\BOOKMARK [2][-]{subsection.3.1.2}{\376\377\0003\000.\0001\000.\0002\000\040\000F\000u\000n\000c\000t\000i\000o\000n\000\040\000D\000o\000c\000u\000m\000e\000n\000t\000a\000t\000i\000o\000n}{section.3.1}% 8
\BOOKMARK [3][-]{subsubsection.3.1.2.1}{\376\377\0003\000.\0001\000.\0002\000.\0001\000\040\000a\000d\000\050\000\051}{subsection.3.1.2}% 9
\BOOKMARK [3][-]{subsubsection.3.1.2.2}{\376\377\0003\000.\0001\000.\0002\000.\0002\000\040\000A\000d\000j\000o\000i\000n\000t\000\050\000\051}{subsection.3.1.2}% 10
\BOOKMARK [3][-]{subsubsection.3.1.2.3}{\376\377\0003\000.\0001\000.\0002\000.\0003\000\040\000A\000x\000i\000s\000A\000n\000g\0003\000\050\000\051}{subsection.3.1.2}% 11
\BOOKMARK [3][-]{subsubsection.3.1.2.4}{\376\377\0003\000.\0001\000.\0002\000.\0004\000\040\000A\000x\000i\000s\000A\000n\000g\0006\000\050\000\051}{subsection.3.1.2}% 12
\BOOKMARK [3][-]{subsubsection.3.1.2.5}{\376\377\0003\000.\0001\000.\0002\000.\0005\000\040\000D\000i\000s\000t\000a\000n\000c\000e\000T\000o\000S\000E\0003\000\050\000\051}{subsection.3.1.2}% 13
\BOOKMARK [3][-]{subsubsection.3.1.2.6}{\376\377\0003\000.\0001\000.\0002\000.\0006\000\040\000D\000i\000s\000t\000a\000n\000c\000e\000T\000o\000S\000O\0003\000\050\000\051}{subsection.3.1.2}% 14
\BOOKMARK [3][-]{subsubsection.3.1.2.7}{\376\377\0003\000.\0001\000.\0002\000.\0007\000\040\000E\000p\000s\000i\000l\000o\000n\000\050\000\051}{subsection.3.1.2}% 15
\BOOKMARK [3][-]{subsubsection.3.1.2.8}{\376\377\0003\000.\0001\000.\0002\000.\0008\000\040\000M\000a\000t\000r\000i\000x\000E\000x\000p\0003\000\050\000\051}{subsection.3.1.2}% 16
\BOOKMARK [3][-]{subsubsection.3.1.2.9}{\376\377\0003\000.\0001\000.\0002\000.\0009\000\040\000M\000a\000t\000r\000i\000x\000E\000x\000p\0006\000\050\000\051}{subsection.3.1.2}% 17
\BOOKMARK [3][-]{subsubsection.3.1.2.10}{\376\377\0003\000.\0001\000.\0002\000.\0001\0000\000\040\000M\000a\000t\000r\000i\000x\000L\000o\000g\0003\000\050\000\051}{subsection.3.1.2}% 18
\BOOKMARK [3][-]{subsubsection.3.1.2.11}{\376\377\0003\000.\0001\000.\0002\000.\0001\0001\000\040\000M\000a\000t\000r\000i\000x\000L\000o\000g\0006\000\050\000\051}{subsection.3.1.2}% 19
\BOOKMARK [3][-]{subsubsection.3.1.2.12}{\376\377\0003\000.\0001\000.\0002\000.\0001\0002\000\040\000N\000o\000r\000m\000a\000l\000i\000z\000e\000\050\000\051}{subsection.3.1.2}% 20
\BOOKMARK [3][-]{subsubsection.3.1.2.13}{\376\377\0003\000.\0001\000.\0002\000.\0001\0003\000\040\000P\000r\000o\000j\000e\000c\000t\000T\000o\000S\000E\0003\000\050\000\051}{subsection.3.1.2}% 21
\BOOKMARK [3][-]{subsubsection.3.1.2.14}{\376\377\0003\000.\0001\000.\0002\000.\0001\0004\000\040\000P\000r\000o\000j\000e\000c\000t\000T\000o\000S\000O\0003\000\050\000\051}{subsection.3.1.2}% 22
\BOOKMARK [3][-]{subsubsection.3.1.2.15}{\376\377\0003\000.\0001\000.\0002\000.\0001\0005\000\040\000R\000o\000t\000I\000n\000v\000\050\000\051}{subsection.3.1.2}% 23
\BOOKMARK [3][-]{subsubsection.3.1.2.16}{\376\377\0003\000.\0001\000.\0002\000.\0001\0006\000\040\000R\000p\000T\000o\000T\000r\000a\000n\000s\000\050\000\051}{subsection.3.1.2}% 24
\BOOKMARK [3][-]{subsubsection.3.1.2.17}{\376\377\0003\000.\0001\000.\0002\000.\0001\0007\000\040\000S\000c\000r\000e\000w\000T\000o\000A\000x\000i\000s\000\050\000\051}{subsection.3.1.2}% 25
\BOOKMARK [3][-]{subsubsection.3.1.2.18}{\376\377\0003\000.\0001\000.\0002\000.\0001\0008\000\040\000s\000e\0003\000T\000o\000V\000e\000c\000\050\000\051}{subsection.3.1.2}% 26
\BOOKMARK [3][-]{subsubsection.3.1.2.19}{\376\377\0003\000.\0001\000.\0002\000.\0001\0009\000\040\000s\000o\0003\000T\000o\000V\000e\000c\000\050\000\051}{subsection.3.1.2}% 27
\BOOKMARK [3][-]{subsubsection.3.1.2.20}{\376\377\0003\000.\0001\000.\0002\000.\0002\0000\000\040\000T\000e\000s\000t\000I\000f\000S\000E\0003\000\050\000\051}{subsection.3.1.2}% 28
\BOOKMARK [3][-]{subsubsection.3.1.2.21}{\376\377\0003\000.\0001\000.\0002\000.\0002\0001\000\040\000T\000e\000s\000t\000I\000f\000S\000O\0003\000\050\000\051}{subsection.3.1.2}% 29
\BOOKMARK [3][-]{subsubsection.3.1.2.22}{\376\377\0003\000.\0001\000.\0002\000.\0002\0002\000\040\000T\000r\000a\000n\000s\000I\000n\000v\000\050\000\051}{subsection.3.1.2}% 30
\BOOKMARK [3][-]{subsubsection.3.1.2.23}{\376\377\0003\000.\0001\000.\0002\000.\0002\0003\000\040\000T\000r\000a\000n\000s\000T\000o\000R\000p\000\050\000\051}{subsection.3.1.2}% 31
\BOOKMARK [3][-]{subsubsection.3.1.2.24}{\376\377\0003\000.\0001\000.\0002\000.\0002\0004\000\040\000V\000e\000c\000T\000o\000s\000e\0003\000\050\000\051}{subsection.3.1.2}% 32
\BOOKMARK [3][-]{subsubsection.3.1.2.25}{\376\377\0003\000.\0001\000.\0002\000.\0002\0005\000\040\000V\000e\000c\000T\000o\000s\000o\0003\000\050\000\051}{subsection.3.1.2}% 33
\BOOKMARK [0][-]{chapter.4}{\376\377\0004\000\040\000F\000i\000l\000e\000\040\000D\000o\000c\000u\000m\000e\000n\000t\000a\000t\000i\000o\000n}{}% 34
\BOOKMARK [1][-]{section.4.1}{\376\377\0004\000.\0001\000\040\000a\000l\000g\000e\000b\000r\000a\000.\000h\000p\000p\000\040\000F\000i\000l\000e\000\040\000R\000e\000f\000e\000r\000e\000n\000c\000e}{chapter.4}% 35
\BOOKMARK [1][-]{section.4.2}{\376\377\0004\000.\0002\000\040\000a\000l\000g\000e\000b\000r\000a\000\137\000t\000e\000s\000t\000.\000c\000p\000p\000\040\000F\000i\000l\000e\000\040\000R\000e\000f\000e\000r\000e\000n\000c\000e}{chapter.4}% 36
\BOOKMARK [2][-]{subsection.4.2.1}{\376\377\0004\000.\0002\000.\0001\000\040\000F\000u\000n\000c\000t\000i\000o\000n\000\040\000D\000o\000c\000u\000m\000e\000n\000t\000a\000t\000i\000o\000n}{section.4.2}% 37
\BOOKMARK [3][-]{subsubsection.4.2.1.1}{\376\377\0004\000.\0002\000.\0001\000.\0001\000\040\000m\000a\000i\000n\000\050\000\051}{subsection.4.2.1}% 38
\BOOKMARK [3][-]{subsubsection.4.2.1.2}{\376\377\0004\000.\0002\000.\0001\000.\0002\000\040\000T\000E\000S\000T\000\050\000\051\000\040\000[\0001\000/\0002\0001\000]}{subsection.4.2.1}% 39
\BOOKMARK [3][-]{subsubsection.4.2.1.3}{\376\377\0004\000.\0002\000.\0001\000.\0003\000\040\000T\000E\000S\000T\000\050\000\051\000\040\000[\0002\000/\0002\0001\000]}{subsection.4.2.1}% 40
\BOOKMARK [3][-]{subsubsection.4.2.1.4}{\376\377\0004\000.\0002\000.\0001\000.\0004\000\040\000T\000E\000S\000T\000\050\000\051\000\040\000[\0003\000/\0002\0001\000]}{subsection.4.2.1}% 41
\BOOKMARK [3][-]{subsubsection.4.2.1.5}{\376\377\0004\000.\0002\000.\0001\000.\0005\000\040\000T\000E\000S\000T\000\050\000\051\000\040\000[\0004\000/\0002\0001\000]}{subsection.4.2.1}% 42
\BOOKMARK [3][-]{subsubsection.4.2.1.6}{\376\377\0004\000.\0002\000.\0001\000.\0006\000\040\000T\000E\000S\000T\000\050\000\051\000\040\000[\0005\000/\0002\0001\000]}{subsection.4.2.1}% 43
\BOOKMARK [3][-]{subsubsection.4.2.1.7}{\376\377\0004\000.\0002\000.\0001\000.\0007\000\040\000T\000E\000S\000T\000\050\000\051\000\040\000[\0006\000/\0002\0001\000]}{subsection.4.2.1}% 44
\BOOKMARK [3][-]{subsubsection.4.2.1.8}{\376\377\0004\000.\0002\000.\0001\000.\0008\000\040\000T\000E\000S\000T\000\050\000\051\000\040\000[\0007\000/\0002\0001\000]}{subsection.4.2.1}% 45
\BOOKMARK [3][-]{subsubsection.4.2.1.9}{\376\377\0004\000.\0002\000.\0001\000.\0009\000\040\000T\000E\000S\000T\000\050\000\051\000\040\000[\0008\000/\0002\0001\000]}{subsection.4.2.1}% 46
\BOOKMARK [3][-]{subsubsection.4.2.1.10}{\376\377\0004\000.\0002\000.\0001\000.\0001\0000\000\040\000T\000E\000S\000T\000\050\000\051\000\040\000[\0009\000/\0002\0001\000]}{subsection.4.2.1}% 47
\BOOKMARK [3][-]{subsubsection.4.2.1.11}{\376\377\0004\000.\0002\000.\0001\000.\0001\0001\000\040\000T\000E\000S\000T\000\050\000\051\000\040\000[\0001\0000\000/\0002\0001\000]}{subsection.4.2.1}% 48
\BOOKMARK [3][-]{subsubsection.4.2.1.12}{\376\377\0004\000.\0002\000.\0001\000.\0001\0002\000\040\000T\000E\000S\000T\000\050\000\051\000\040\000[\0001\0001\000/\0002\0001\000]}{subsection.4.2.1}% 49
\BOOKMARK [3][-]{subsubsection.4.2.1.13}{\376\377\0004\000.\0002\000.\0001\000.\0001\0003\000\040\000T\000E\000S\000T\000\050\000\051\000\040\000[\0001\0002\000/\0002\0001\000]}{subsection.4.2.1}% 50
\BOOKMARK [3][-]{subsubsection.4.2.1.14}{\376\377\0004\000.\0002\000.\0001\000.\0001\0004\000\040\000T\000E\000S\000T\000\050\000\051\000\040\000[\0001\0003\000/\0002\0001\000]}{subsection.4.2.1}% 51
\BOOKMARK [3][-]{subsubsection.4.2.1.15}{\376\377\0004\000.\0002\000.\0001\000.\0001\0005\000\040\000T\000E\000S\000T\000\050\000\051\000\040\000[\0001\0004\000/\0002\0001\000]}{subsection.4.2.1}% 52
\BOOKMARK [3][-]{subsubsection.4.2.1.16}{\376\377\0004\000.\0002\000.\0001\000.\0001\0006\000\040\000T\000E\000S\000T\000\050\000\051\000\040\000[\0001\0005\000/\0002\0001\000]}{subsection.4.2.1}% 53
\BOOKMARK [3][-]{subsubsection.4.2.1.17}{\376\377\0004\000.\0002\000.\0001\000.\0001\0007\000\040\000T\000E\000S\000T\000\050\000\051\000\040\000[\0001\0006\000/\0002\0001\000]}{subsection.4.2.1}% 54
\BOOKMARK [3][-]{subsubsection.4.2.1.18}{\376\377\0004\000.\0002\000.\0001\000.\0001\0008\000\040\000T\000E\000S\000T\000\050\000\051\000\040\000[\0001\0007\000/\0002\0001\000]}{subsection.4.2.1}% 55
\BOOKMARK [3][-]{subsubsection.4.2.1.19}{\376\377\0004\000.\0002\000.\0001\000.\0001\0009\000\040\000T\000E\000S\000T\000\050\000\051\000\040\000[\0001\0008\000/\0002\0001\000]}{subsection.4.2.1}% 56
\BOOKMARK [3][-]{subsubsection.4.2.1.20}{\376\377\0004\000.\0002\000.\0001\000.\0002\0000\000\040\000T\000E\000S\000T\000\050\000\051\000\040\000[\0001\0009\000/\0002\0001\000]}{subsection.4.2.1}% 57
\BOOKMARK [3][-]{subsubsection.4.2.1.21}{\376\377\0004\000.\0002\000.\0001\000.\0002\0001\000\040\000T\000E\000S\000T\000\050\000\051\000\040\000[\0002\0000\000/\0002\0001\000]}{subsection.4.2.1}% 58
\BOOKMARK [3][-]{subsubsection.4.2.1.22}{\376\377\0004\000.\0002\000.\0001\000.\0002\0002\000\040\000T\000E\000S\000T\000\050\000\051\000\040\000[\0002\0001\000/\0002\0001\000]}{subsection.4.2.1}% 59
\BOOKMARK [1][-]{section.4.3}{\376\377\0004\000.\0003\000\040\000c\0001\000-\000c\0003\000.\000c\000p\000p\000\040\000F\000i\000l\000e\000\040\000R\000e\000f\000e\000r\000e\000n\000c\000e}{chapter.4}% 60
\BOOKMARK [2][-]{subsection.4.3.1}{\376\377\0004\000.\0003\000.\0001\000\040\000F\000u\000n\000c\000t\000i\000o\000n\000\040\000D\000o\000c\000u\000m\000e\000n\000t\000a\000t\000i\000o\000n}{section.4.3}% 61
\BOOKMARK [3][-]{subsubsection.4.3.1.1}{\376\377\0004\000.\0003\000.\0001\000.\0001\000\040\000m\000a\000i\000n\000\050\000\051}{subsection.4.3.1}% 62
\BOOKMARK [1][-]{section.4.4}{\376\377\0004\000.\0004\000\040\000c\0001\000w\0003\000.\000c\000p\000p\000\040\000F\000i\000l\000e\000\040\000R\000e\000f\000e\000r\000e\000n\000c\000e}{chapter.4}% 63
\BOOKMARK [0][-]{section*.4}{\376\377\000I\000n\000d\000e\000x}{}% 64
